DEBUG: parseStatement at 1:1 [typedef] typedef
DEBUG: parseStatement at 2:1 [typedef] typedef
DEBUG: parseStatement at 3:1 [typedef] typedef
DEBUG: parseStatement at 5:1 [typedef] typedef
DEBUG: parseStatement at 6:1 [typedef] typedef
DEBUG: parseStatement at 11:1 [typedef] typedef
DEBUG: parseStatement at 14:1 [typedef] typedef
DEBUG: parseStatement at 6:3 [IDENTIFIER] uchar
DEBUG: parseStatement at 8:3 [asm] asm
DEBUG: parseAsmStatement at 8:7
DEBUG: parseAsmConstraint at 8:29
DEBUG: parseAsmConstraint at 8:43
DEBUG: parseStatement at 9:3 [return] return
DEBUG: parseStatement at 15:3 [asm] asm
DEBUG: parseAsmStatement at 15:7
DEBUG: parseAsmConstraint at 16:16
DEBUG: parseAsmConstraint at 16:29
DEBUG: parseAsmConstraint at 17:16
DEBUG: parseAsmConstraint at 17:28
DEBUG: parseAsmConstraint at 17:40
DEBUG: parseAsmConstraint at 18:16
DEBUG: parseAsmConstraint at 18:26
DEBUG: parseStatement at 24:3 [asm] asm
DEBUG: parseAsmStatement at 24:7
DEBUG: parseAsmConstraint at 24:32
DEBUG: parseAsmConstraint at 24:44
DEBUG: parseStatement at 30:3 [asm] asm
DEBUG: parseAsmStatement at 30:7
DEBUG: parseAsmConstraint at 30:32
DEBUG: parseAsmConstraint at 30:44
DEBUG: parseStatement at 36:3 [asm] asm
DEBUG: parseAsmStatement at 36:7
DEBUG: parseAsmConstraint at 37:16
DEBUG: parseAsmConstraint at 37:29
DEBUG: parseAsmConstraint at 38:16
DEBUG: parseAsmConstraint at 38:28
DEBUG: parseAsmConstraint at 38:40
DEBUG: parseAsmConstraint at 39:16
DEBUG: parseStatement at 45:3 [asm] asm
DEBUG: parseAsmStatement at 45:7
DEBUG: parseAsmConstraint at 46:16
DEBUG: parseAsmConstraint at 46:29
DEBUG: parseAsmConstraint at 47:16
DEBUG: parseAsmConstraint at 47:28
DEBUG: parseAsmConstraint at 47:39
DEBUG: parseAsmConstraint at 48:16
DEBUG: parseAsmConstraint at 48:26
DEBUG: parseStatement at 54:3 [asm] asm
DEBUG: parseAsmStatement at 54:7
DEBUG: parseAsmConstraint at 55:16
DEBUG: parseAsmConstraint at 55:29
DEBUG: parseAsmConstraint at 56:16
DEBUG: parseAsmConstraint at 56:28
DEBUG: parseAsmConstraint at 56:39
DEBUG: parseAsmConstraint at 57:16
DEBUG: parseAsmConstraint at 57:26
DEBUG: parseStatement at 65:3 [volatile] volatile
DEBUG: parseStatement at 67:3 [IDENTIFIER] pd
DEBUG: parseStatement at 68:3 [IDENTIFIER] pd
DEBUG: parseStatement at 69:3 [IDENTIFIER] pd
DEBUG: parseStatement at 74:3 [asm] asm
DEBUG: parseAsmStatement at 74:7
DEBUG: parseAsmConstraint at 74:32
DEBUG: parseStatement at 82:3 [volatile] volatile
DEBUG: parseStatement at 84:3 [IDENTIFIER] pd
DEBUG: parseStatement at 85:3 [IDENTIFIER] pd
DEBUG: parseStatement at 86:3 [IDENTIFIER] pd
DEBUG: parseStatement at 91:3 [asm] asm
DEBUG: parseAsmStatement at 91:7
DEBUG: parseAsmConstraint at 91:32
DEBUG: parseStatement at 97:3 [asm] asm
DEBUG: parseAsmStatement at 97:7
DEBUG: parseAsmConstraint at 97:29
DEBUG: parseStatement at 103:3 [IDENTIFIER] uintp
DEBUG: parseStatement at 104:3 [asm] asm
DEBUG: parseAsmStatement at 104:7
DEBUG: parseAsmConstraint at 104:34
DEBUG: parseStatement at 105:3 [return] return
DEBUG: parseStatement at 111:3 [asm] asm
DEBUG: parseAsmStatement at 111:7
DEBUG: parseAsmConstraint at 111:36
DEBUG: parseStatement at 117:3 [asm] asm
DEBUG: parseAsmStatement at 117:7
DEBUG: parseStatement at 123:3 [asm] asm
DEBUG: parseAsmStatement at 123:7
DEBUG: parseStatement at 129:3 [asm] asm
DEBUG: parseAsmStatement at 129:7
DEBUG: parseStatement at 135:3 [IDENTIFIER] uint
DEBUG: parseStatement at 138:3 [asm] asm
DEBUG: parseAsmStatement at 138:7
DEBUG: parseAsmConstraint at 139:16
DEBUG: parseAsmConstraint at 139:30
DEBUG: parseAsmConstraint at 140:16
DEBUG: parseAsmConstraint at 141:16
DEBUG: parseStatement at 142:3 [return] return
DEBUG: parseStatement at 148:3 [IDENTIFIER] uintp
DEBUG: parseStatement at 149:3 [asm] asm
DEBUG: parseAsmStatement at 149:7
DEBUG: parseAsmConstraint at 149:33
DEBUG: parseStatement at 150:3 [return] return
DEBUG: parseStatement at 156:3 [asm] asm
DEBUG: parseAsmStatement at 156:7
DEBUG: parseAsmConstraint at 156:35
